  Building SpawnCubeCPPEditor...
  Using Visual Studio 2019 14.26.28805 toolchain (C:\Program Files (x86)\Microsoft Visual Studio\2019\Community\VC\Tools\MSVC\14.26.28801) and Windows 10.0.18362.0 SDK (C:\Program Files (x86)\Windows Kits\10).
  Distributing 4 actions to XGE
  --------------------Build System Warning---------------------------------------
  License is invalid:
      License information is invalid. Please try reloading your license file using the Coordinator Monitor application on the Coordinator machine, or reinstall IncrediBuild.
      This build will run in standalone mode.
  
  -------------------------------------------------------------------------------
  --------------------Project: Default-------------------------------------------
  MyPawn.cpp (0:00.71 at +0:00)
  Примечание: включение файла:  D:\Unreal Engine\Unreal Projects\SpawnCubeCPP\Intermediate\Build\Win64\UE4Editor\Development\SpawnCubeCPP\Definitions.SpawnCubeCPP.h
  Примечание: включение файла:  D:\Unreal Engine\Unreal Projects\SpawnCubeCPP\Source\SpawnCubeCPP\MyPawn.h
  Примечание: включение файла:   D:\Unreal Engine\Unreal Projects\SpawnCubeCPP\Source\SpawnCubeCPP\MyCube.h
  Примечание: включение файла:    D:\Unreal Engine\Unreal Projects\SpawnCubeCPP\Intermediate\Build\Win64\UE4Editor\Inc\SpawnCubeCPP\MyCube.generated.h
  Примечание: включение файла:   D:\Unreal Engine\Unreal Projects\SpawnCubeCPP\Intermediate\Build\Win64\UE4Editor\Inc\SpawnCubeCPP\MyPawn.generated.h
EXEC : warning : unable to get MBCS string (input text '??????????: ????????? ?????: %s%s
  ', library C:\Program Files (x86)\Microsoft Visual Studio\2019\Community\VC\Tools\MSVC\14.26.28801\bin\HostX64\x64\1049\clui.dll)
  UE4Editor-SpawnCubeCPP-0016.dll (0:00.64 at +0:00)
     Создается библиотека D:\Unreal Engine\Unreal Projects\SpawnCubeCPP\Intermediate\Build\Win64\UE4Editor\Development\SpawnCubeCPP\UE4Editor-SpawnCubeCPP-0016.suppressed.lib и объект D:\Unreal Engine\Unreal Projects\SpawnCubeCPP\Intermediate\Build\Win64\UE4Editor\Development\SpawnCubeCPP\UE4Editor-SpawnCubeCPP-0016.suppressed.exp
  UE4Editor-SpawnCubeCPP-0016.lib (0:00.15 at +0:01)
     Создается библиотека D:\Unreal Engine\Unreal Projects\SpawnCubeCPP\Intermediate\Build\Win64\UE4Editor\Development\SpawnCubeCPP\UE4Editor-SpawnCubeCPP-0016.lib и объект D:\Unreal Engine\Unreal Projects\SpawnCubeCPP\Intermediate\Build\Win64\UE4Editor\Development\SpawnCubeCPP\UE4Editor-SpawnCubeCPP-0016.exp
  SpawnCubeCPPEditor.target (0:00.17 at +0:01)
  ---------------------- Done ----------------------
  
      Rebuild All: 1 succeeded, 0 failed, 0 skipped
  
  1 build system warning(s):
     - License is invalid
  
  Total time in XGE executor: 1,91 seconds
  Total execution time: 2,49 seconds
